2023-04-29T00:12:43.285+06:00 ERROR 10648 --- [http-nio-9898-exec-1] c.e.b.service.AccountService             : java.lang.IllegalStateException: Customer already has an account
2023-04-29T00:12:43.312+06:00  INFO 10648 --- [http-nio-9898-exec-1] c.e.b.controller.AccountController       : Account created: AccountDTO(id=null, accountNumber=null, currentBalance=null, customerId=null, createdDate=null)
2023-04-29T00:12:52.530+06:00  INFO 10648 --- [http-nio-9898-exec-2] c.e.b.controller.AccountController       : Account updated: AccountDTO(id=1, accountNumber=4444444444444444, currentBalance=10, customerId=4, createdDate=2023-04-28T23:42:18.383942)
2023-04-29T00:13:00.368+06:00  INFO 10648 --- [http-nio-9898-exec-3] c.e.b.controller.CustomerController      : Customer created: CustomerDTO(id=6, name=Aruzhan, surname=Bazarbai, contactNumber=77777777777)
2023-04-29T00:13:03.515+06:00  INFO 10648 --- [http-nio-9898-exec-4] c.e.b.controller.CustomerController      : Customer created: CustomerDTO(id=7, name=Aruzhan, surname=Bazarbai, contactNumber=77777777777)
2023-04-29T00:13:04.721+06:00  INFO 10648 --- [http-nio-9898-exec-5] c.e.b.controller.CustomerController      : Customer created: CustomerDTO(id=8, name=Aruzhan, surname=Bazarbai, contactNumber=77777777777)
2023-04-29T00:13:10.746+06:00  INFO 10648 --- [http-nio-9898-exec-6] c.e.b.controller.AccountController       : Account created: AccountDTO(id=2, accountNumber=3333333333, currentBalance=200, customerId=5, createdDate=2023-04-29T00:13:10.738916400)
2023-04-29T00:13:13.809+06:00  INFO 10648 --- [http-nio-9898-exec-7] c.e.b.controller.CustomerController      : Customer updated: CustomerDTO(id=9, name=AAAAAAAAAAA, surname=BBBBBBBBB, contactNumber=77777777777)
2023-04-29T10:01:18.215+06:00  INFO 11356 --- [restartedMain] c.e.b.BankServerProjectApplication       : Starting BankServerProjectApplication using Java 17.0.6 with PID 11356 (C:\Users\Aruzhan\Documents\spring_java\bankServerProject\target\classes started by Aruzhan in C:\Users\Aruzhan\Documents\spring_java\bankServerProject)
2023-04-29T10:01:18.219+06:00  INFO 11356 --- [restartedMain] c.e.b.BankServerProjectApplication       : No active profile set, falling back to 1 default profile: "default"
2023-04-29T10:01:18.293+06:00  INFO 11356 --- [restartedMain] .e.DevToolsPropertyDefaultsPostProcessor : Devtools property defaults active! Set 'spring.devtools.add-properties' to 'false' to disable
2023-04-29T10:01:18.294+06:00  INFO 11356 --- [restartedMain] .e.DevToolsPropertyDefaultsPostProcessor : For additional web related logging consider setting the 'logging.level.web' property to 'DEBUG'
2023-04-29T10:01:19.342+06:00  INFO 11356 --- [restartedMain] .s.d.r.c.RepositoryConfigurationDelegate : Bootstrapping Spring Data JPA repositories in DEFAULT mode.
2023-04-29T10:01:19.496+06:00  INFO 11356 --- [restartedMain] .s.d.r.c.RepositoryConfigurationDelegate : Finished Spring Data repository scanning in 133 ms. Found 4 JPA repository interfaces.
2023-04-29T10:01:19.871+06:00  INFO 11356 --- [restartedMain] trationDelegate$BeanPostProcessorChecker : Bean 'org.springframework.ws.config.annotation.DelegatingWsConfiguration' of type [org.springframework.ws.config.annotation.DelegatingWsConfiguration$$SpringCGLIB$$0] is not eligible for getting processed by all BeanPostProcessors (for example: not eligible for auto-proxying)
2023-04-29T10:01:19.942+06:00  INFO 11356 --- [restartedMain] .w.s.a.s.AnnotationActionEndpointMapping : Supporting [WS-Addressing August 2004, WS-Addressing 1.0]
2023-04-29T10:01:20.338+06:00  INFO 11356 --- [restartedMain] o.s.b.w.embedded.tomcat.TomcatWebServer  : Tomcat initialized with port(s): 9898 (http)
2023-04-29T10:01:20.355+06:00  INFO 11356 --- [restartedMain] o.apache.catalina.core.StandardService   : Starting service [Tomcat]
2023-04-29T10:01:20.356+06:00  INFO 11356 --- [restartedMain] o.apache.catalina.core.StandardEngine    : Starting Servlet engine: [Apache Tomcat/10.1.8]
2023-04-29T10:01:20.448+06:00  INFO 11356 --- [restartedMain] o.a.c.c.C.[Tomcat].[localhost].[/]       : Initializing Spring embedded WebApplicationContext
2023-04-29T10:01:20.449+06:00  INFO 11356 --- [restartedMain] w.s.c.ServletWebServerApplicationContext : Root WebApplicationContext: initialization completed in 2153 ms
2023-04-29T10:01:20.665+06:00  INFO 11356 --- [restartedMain] o.hibernate.jpa.internal.util.LogHelper  : HHH000204: Processing PersistenceUnitInfo [name: default]
2023-04-29T10:01:20.736+06:00  INFO 11356 --- [restartedMain] org.hibernate.Version                    : HHH000412: Hibernate ORM core version 6.1.7.Final
2023-04-29T10:01:21.127+06:00  INFO 11356 --- [restartedMain] com.zaxxer.hikari.HikariDataSource       : HikariPool-1 - Starting...
2023-04-29T10:01:21.394+06:00  INFO 11356 --- [restartedMain] com.zaxxer.hikari.pool.HikariPool        : HikariPool-1 - Added connection org.postgresql.jdbc.PgConnection@3be48dbe
2023-04-29T10:01:21.395+06:00  INFO 11356 --- [restartedMain] com.zaxxer.hikari.HikariDataSource       : HikariPool-1 - Start completed.
2023-04-29T10:01:21.489+06:00  INFO 11356 --- [restartedMain] SQL dialect                              : HHH000400: Using dialect: org.hibernate.dialect.PostgreSQLDialect
2023-04-29T10:01:22.776+06:00  WARN 11356 --- [restartedMain] o.h.engine.jdbc.spi.SqlExceptionHelper   : SQL Warning Code: 0, SQLState: 00000
2023-04-29T10:01:22.777+06:00  WARN 11356 --- [restartedMain] o.h.engine.jdbc.spi.SqlExceptionHelper   : отношение "balance_transaction" не существует, пропускается
2023-04-29T10:01:22.804+06:00  WARN 11356 --- [restartedMain] o.h.engine.jdbc.spi.SqlExceptionHelper   : SQL Warning Code: 0, SQLState: 00000
2023-04-29T10:01:22.805+06:00  WARN 11356 --- [restartedMain] o.h.engine.jdbc.spi.SqlExceptionHelper   : таблица "balance_transaction" не существует, пропускается
2023-04-29T10:01:23.011+06:00  INFO 11356 --- [restartedMain] o.h.e.t.j.p.i.JtaPlatformInitiator       : HHH000490: Using JtaPlatform implementation: [org.hibernate.engine.transaction.jta.platform.internal.NoJtaPlatform]
2023-04-29T10:01:23.024+06:00  INFO 11356 --- [restartedMain] j.LocalContainerEntityManagerFactoryBean : Initialized JPA EntityManagerFactory for persistence unit 'default'
2023-04-29T10:01:23.469+06:00  WARN 11356 --- [restartedMain] JpaBaseConfiguration$JpaWebConfiguration : spring.jpa.open-in-view is enabled by default. Therefore, database queries may be performed during view rendering. Explicitly configure spring.jpa.open-in-view to disable this warning
2023-04-29T10:01:23.907+06:00  INFO 11356 --- [restartedMain] o.s.b.d.a.OptionalLiveReloadServer       : LiveReload server is running on port 35729
2023-04-29T10:01:23.969+06:00  INFO 11356 --- [restartedMain] o.s.b.w.embedded.tomcat.TomcatWebServer  : Tomcat started on port(s): 9898 (http) with context path ''
2023-04-29T10:01:23.984+06:00  INFO 11356 --- [restartedMain] c.e.b.BankServerProjectApplication       : Started BankServerProjectApplication in 6.397 seconds (process running for 7.541)
2023-04-29T10:01:35.004+06:00  INFO 11356 --- [http-nio-9898-exec-1] o.a.c.c.C.[Tomcat].[localhost].[/]       : Initializing Spring DispatcherServlet 'dispatcherServlet'
2023-04-29T10:01:35.007+06:00  INFO 11356 --- [http-nio-9898-exec-1] o.s.web.servlet.DispatcherServlet        : Initializing Servlet 'dispatcherServlet'
2023-04-29T10:01:35.010+06:00  INFO 11356 --- [http-nio-9898-exec-1] o.s.web.servlet.DispatcherServlet        : Completed initialization in 2 ms
2023-04-29T10:01:35.556+06:00  INFO 11356 --- [http-nio-9898-exec-1] c.e.b.controller.CustomerController      : Customer created: CustomerDTO(id=1, name=Aruzhan, surname=Bazarbai, contactNumber=77777777777)
2023-04-29T10:01:37.182+06:00  INFO 11356 --- [http-nio-9898-exec-2] c.e.b.controller.CustomerController      : Customer created: CustomerDTO(id=2, name=Aruzhan, surname=Bazarbai, contactNumber=77777777777)
2023-04-29T10:01:52.809+06:00  INFO 11356 --- [http-nio-9898-exec-3] c.e.b.controller.AccountController       : Account created: AccountDTO(id=1, accountNumber=3333333333, currentBalance=0, customerId=1, createdDate=2023-04-29T10:01:52.782337100)
2023-04-29T10:01:57.472+06:00  INFO 11356 --- [http-nio-9898-exec-4] c.e.b.controller.AccountController       : Account created: AccountDTO(id=2, accountNumber=3333333333, currentBalance=0, customerId=2, createdDate=2023-04-29T10:01:57.467253700)
2023-04-29T10:02:29.505+06:00  INFO 11356 --- [http-nio-9898-exec-5] c.e.b.controller.TransactionController   : transaction deposit: BalanceTransactionDTO(id=1, senderAccountId=1, amount=200, action=DEPOSIT, transactionTime=2023-04-29T10:02:29.500904900)
2023-04-29T10:02:43.581+06:00  INFO 11356 --- [http-nio-9898-exec-6] c.e.b.controller.TransactionController   : transaction deposit: BalanceTransactionDTO(id=2, senderAccountId=2, amount=200, action=DEPOSIT, transactionTime=2023-04-29T10:02:43.579128100)
2023-04-29T10:02:51.398+06:00  INFO 11356 --- [http-nio-9898-exec-7] c.e.b.controller.TransactionController   : transaction deposit: BalanceTransactionDTO(id=3, senderAccountId=1, amount=100, action=WITHDRAW, transactionTime=2023-04-29T10:02:51.394542500)
2023-04-29T10:03:22.507+06:00 ERROR 11356 --- [http-nio-9898-exec-8] o.a.c.c.C.[.[.[/].[dispatcherServlet]    : Servlet.service() for servlet [dispatcherServlet] in context with path [] threw exception [Request processing failed: java.lang.IllegalArgumentException: Sender account or recipient account not found] with root cause

java.lang.IllegalArgumentException: Sender account or recipient account not found
	at com.example.bankserverproject.service.TransactionService.createTransaction(TransactionService.java:64) ~[classes/:na]
	at com.example.bankserverproject.controller.TransactionController.createTransaction(TransactionController.java:27) ~[classes/:na]
	at java.base/jdk.internal.reflect.NativeMethodAccessorImpl.invoke0(Native Method) ~[na:na]
	at java.base/jdk.internal.reflect.NativeMethodAccessorImpl.invoke(NativeMethodAccessorImpl.java:77) ~[na:na]
	at java.base/jdk.internal.reflect.DelegatingMethodAccessorImpl.invoke(DelegatingMethodAccessorImpl.java:43) ~[na:na]
	at java.base/java.lang.reflect.Method.invoke(Method.java:568) ~[na:na]
	at org.springframework.web.method.support.InvocableHandlerMethod.doInvoke(InvocableHandlerMethod.java:207) ~[spring-web-6.0.8.jar:6.0.8]
	at org.springframework.web.method.support.InvocableHandlerMethod.invokeForRequest(InvocableHandlerMethod.java:152) ~[spring-web-6.0.8.jar:6.0.8]
	at org.springframework.web.servlet.mvc.method.annotation.ServletInvocableHandlerMethod.invokeAndHandle(ServletInvocableHandlerMethod.java:118) ~[spring-webmvc-6.0.8.jar:6.0.8]
	at org.springframework.web.servlet.mvc.method.annotation.RequestMappingHandlerAdapter.invokeHandlerMethod(RequestMappingHandlerAdapter.java:884) ~[spring-webmvc-6.0.8.jar:6.0.8]
	at org.springframework.web.servlet.mvc.method.annotation.RequestMappingHandlerAdapter.handleInternal(RequestMappingHandlerAdapter.java:797) ~[spring-webmvc-6.0.8.jar:6.0.8]
	at org.springframework.web.servlet.mvc.method.AbstractHandlerMethodAdapter.handle(AbstractHandlerMethodAdapter.java:87) ~[spring-webmvc-6.0.8.jar:6.0.8]
	at org.springframework.web.servlet.DispatcherServlet.doDispatch(DispatcherServlet.java:1081) ~[spring-webmvc-6.0.8.jar:6.0.8]
	at org.springframework.web.servlet.DispatcherServlet.doService(DispatcherServlet.java:974) ~[spring-webmvc-6.0.8.jar:6.0.8]
	at org.springframework.web.servlet.FrameworkServlet.processRequest(FrameworkServlet.java:1011) ~[spring-webmvc-6.0.8.jar:6.0.8]
	at org.springframework.web.servlet.FrameworkServlet.doPost(FrameworkServlet.java:914) ~[spring-webmvc-6.0.8.jar:6.0.8]
	at jakarta.servlet.http.HttpServlet.service(HttpServlet.java:590) ~[tomcat-embed-core-10.1.8.jar:6.0]
	at org.springframework.web.servlet.FrameworkServlet.service(FrameworkServlet.java:885) ~[spring-webmvc-6.0.8.jar:6.0.8]
	at jakarta.servlet.http.HttpServlet.service(HttpServlet.java:658) ~[tomcat-embed-core-10.1.8.jar:6.0]
	at org.apache.catalina.core.ApplicationFilterChain.internalDoFilter(ApplicationFilterChain.java:205) ~[tomcat-embed-core-10.1.8.jar:10.1.8]
	at org.apache.catalina.core.ApplicationFilterChain.doFilter(ApplicationFilterChain.java:149) ~[tomcat-embed-core-10.1.8.jar:10.1.8]
	at org.apache.tomcat.websocket.server.WsFilter.doFilter(WsFilter.java:51) ~[tomcat-embed-websocket-10.1.8.jar:10.1.8]
	at org.apache.catalina.core.ApplicationFilterChain.internalDoFilter(ApplicationFilterChain.java:174) ~[tomcat-embed-core-10.1.8.jar:10.1.8]
	at org.apache.catalina.core.ApplicationFilterChain.doFilter(ApplicationFilterChain.java:149) ~[tomcat-embed-core-10.1.8.jar:10.1.8]
	at org.springframework.web.filter.RequestContextFilter.doFilterInternal(RequestContextFilter.java:100) ~[spring-web-6.0.8.jar:6.0.8]
	at org.springframework.web.filter.OncePerRequestFilter.doFilter(OncePerRequestFilter.java:116) ~[spring-web-6.0.8.jar:6.0.8]
	at org.apache.catalina.core.ApplicationFilterChain.internalDoFilter(ApplicationFilterChain.java:174) ~[tomcat-embed-core-10.1.8.jar:10.1.8]
	at org.apache.catalina.core.ApplicationFilterChain.doFilter(ApplicationFilterChain.java:149) ~[tomcat-embed-core-10.1.8.jar:10.1.8]
	at org.springframework.web.filter.FormContentFilter.doFilterInternal(FormContentFilter.java:93) ~[spring-web-6.0.8.jar:6.0.8]
	at org.springframework.web.filter.OncePerRequestFilter.doFilter(OncePerRequestFilter.java:116) ~[spring-web-6.0.8.jar:6.0.8]
	at org.apache.catalina.core.ApplicationFilterChain.internalDoFilter(ApplicationFilterChain.java:174) ~[tomcat-embed-core-10.1.8.jar:10.1.8]
	at org.apache.catalina.core.ApplicationFilterChain.doFilter(ApplicationFilterChain.java:149) ~[tomcat-embed-core-10.1.8.jar:10.1.8]
	at org.springframework.web.filter.CharacterEncodingFilter.doFilterInternal(CharacterEncodingFilter.java:201) ~[spring-web-6.0.8.jar:6.0.8]
	at org.springframework.web.filter.OncePerRequestFilter.doFilter(OncePerRequestFilter.java:116) ~[spring-web-6.0.8.jar:6.0.8]
	at org.apache.catalina.core.ApplicationFilterChain.internalDoFilter(ApplicationFilterChain.java:174) ~[tomcat-embed-core-10.1.8.jar:10.1.8]
	at org.apache.catalina.core.ApplicationFilterChain.doFilter(ApplicationFilterChain.java:149) ~[tomcat-embed-core-10.1.8.jar:10.1.8]
	at org.apache.catalina.core.StandardWrapperValve.invoke(StandardWrapperValve.java:166) ~[tomcat-embed-core-10.1.8.jar:10.1.8]
	at org.apache.catalina.core.StandardContextValve.invoke(StandardContextValve.java:90) ~[tomcat-embed-core-10.1.8.jar:10.1.8]
	at org.apache.catalina.authenticator.AuthenticatorBase.invoke(AuthenticatorBase.java:482) ~[tomcat-embed-core-10.1.8.jar:10.1.8]
	at org.apache.catalina.core.StandardHostValve.invoke(StandardHostValve.java:115) ~[tomcat-embed-core-10.1.8.jar:10.1.8]
	at org.apache.catalina.valves.ErrorReportValve.invoke(ErrorReportValve.java:93) ~[tomcat-embed-core-10.1.8.jar:10.1.8]
	at org.apache.catalina.core.StandardEngineValve.invoke(StandardEngineValve.java:74) ~[tomcat-embed-core-10.1.8.jar:10.1.8]
	at org.apache.catalina.connector.CoyoteAdapter.service(CoyoteAdapter.java:341) ~[tomcat-embed-core-10.1.8.jar:10.1.8]
	at org.apache.coyote.http11.Http11Processor.service(Http11Processor.java:390) ~[tomcat-embed-core-10.1.8.jar:10.1.8]
	at org.apache.coyote.AbstractProcessorLight.process(AbstractProcessorLight.java:63) ~[tomcat-embed-core-10.1.8.jar:10.1.8]
	at org.apache.coyote.AbstractProtocol$ConnectionHandler.process(AbstractProtocol.java:894) ~[tomcat-embed-core-10.1.8.jar:10.1.8]
	at org.apache.tomcat.util.net.NioEndpoint$SocketProcessor.doRun(NioEndpoint.java:1741) ~[tomcat-embed-core-10.1.8.jar:10.1.8]
	at org.apache.tomcat.util.net.SocketProcessorBase.run(SocketProcessorBase.java:52) ~[tomcat-embed-core-10.1.8.jar:10.1.8]
	at org.apache.tomcat.util.threads.ThreadPoolExecutor.runWorker(ThreadPoolExecutor.java:1191) ~[tomcat-embed-core-10.1.8.jar:10.1.8]
	at org.apache.tomcat.util.threads.ThreadPoolExecutor$Worker.run(ThreadPoolExecutor.java:659) ~[tomcat-embed-core-10.1.8.jar:10.1.8]
	at org.apache.tomcat.util.threads.TaskThread$WrappingRunnable.run(TaskThread.java:61) ~[tomcat-embed-core-10.1.8.jar:10.1.8]
	at java.base/java.lang.Thread.run(Thread.java:833) ~[na:na]

2023-04-29T10:09:07.329+06:00  INFO 11356 --- [http-nio-9898-exec-3] c.e.b.controller.TransactionController   : transaction created: TransactionDTO(id=1, senderAccountId=2, recipientAccountId=1, amount=100, transactionTime=2023-04-29T10:09:07.324821700)
2023-04-29T10:11:04.376+06:00  INFO 11356 --- [SpringApplicationShutdownHook] j.LocalContainerEntityManagerFactoryBean : Closing JPA EntityManagerFactory for persistence unit 'default'
2023-04-29T10:11:04.380+06:00  INFO 11356 --- [SpringApplicationShutdownHook] com.zaxxer.hikari.HikariDataSource       : HikariPool-1 - Shutdown initiated...
2023-04-29T10:11:04.391+06:00  INFO 11356 --- [SpringApplicationShutdownHook] com.zaxxer.hikari.HikariDataSource       : HikariPool-1 - Shutdown completed.
